21843:[Sat Oct 29 02:15:56.68258 2016]: .LoansController: var_dump(_SERVER['PATH_INFO']):
string(3) "/35"
21843:[Sat Oct 29 02:15:56.68732 2016]: .LoansController: var_dump(urlElements):
array(1) {
  [0]=>
  string(2) "35"
}
21843:[Sat Oct 29 02:15:56.70530 2016]: <Classes\Loans::performAction: httpMethod=get
21843:[Sat Oct 29 02:15:56.70539 2016]: <Classes\Loans::GetLoanInfo: loanId=35
21843:[Sat Oct 29 02:15:56.70898 2016]: <Data\LoanRow::Find
21843:[Sat Oct 29 02:15:56.70906 2016]: .Data\LoanRow::Find: selectFields='*', sortString='', filterString='WHERE (loanId=35)'
21843:[Sat Oct 29 02:15:56.70960 2016]: /Data\LoanRow::Find> found 1 rows
21843:[Sat Oct 29 02:15:56.70971 2016]: /Classes\Loans::GetLoanInfo> returning 'true'
21843:[Sat Oct 29 02:15:56.70981 2016]: /Classes\Loans::performAction> returning 'true'
[29-Oct-2016 02:16:00 Europe/Berlin] PHP Notice:  Undefined index: PATH_INFO in /Users/mikesa/projects/PSL/v1/LoansController.php on line 45
21843:[Sat Oct 29 02:16:00.1545 2016]: .LoansController: var_dump(_SERVER['PATH_INFO']):
NULL
21843:[Sat Oct 29 02:16:00.1555 2016]: .LoansController: var_dump(urlElements):
NULL
21843:[Sat Oct 29 02:16:00.1880 2016]: <Classes\Loans::performAction: httpMethod=post
21843:[Sat Oct 29 02:16:00.1890 2016]: <Classes\Loans::CreateLoan: ssn=123-456-7890, propertyValue=275000, loanAmount=110000
21843:[Sat Oct 29 02:16:00.1982 2016]: <Data\LoanRow::Create: ssn=123-456-7890, propertyValue=275000, loanAmount=110000, loanStatus=0, createdTime=2016-10-29 02:16:00, lastUpdatedTime=2016-10-29 02:16:00
21843:[Sat Oct 29 02:16:00.2070 2016]: /Data\LoanRow::Create> returning 'true'
21843:[Sat Oct 29 02:16:00.2079 2016]: <Classes\Loans::SubmitLoanForApproval
21843:[Sat Oct 29 02:16:00.2088 2016]: <Data\LoanRow::CommitChangedFields: loanId=36
21843:[Sat Oct 29 02:16:00.2095 2016]: .Data\LoanRow::CommitChangedFields: Updating row with loanId=36. Number of fields changed: 1. setString='loanStatus='1''
21843:[Sat Oct 29 02:16:00.2316 2016]: /Data\LoanRow::CommitChangedFields> returning 'true'
21843:[Sat Oct 29 02:16:00.2331 2016]: /Classes\Loans::SubmitLoanForApproval> returning 'true'
21843:[Sat Oct 29 02:16:00.2345 2016]: /Classes\Loans::CreateLoan> returning 'true'
21843:[Sat Oct 29 02:16:00.2361 2016]: /Classes\Loans::performAction> returning 'true'
13153:[Sat Oct 29 02:16:07.55457 2016]: .LoansController: var_dump(_SERVER['PATH_INFO']):
string(3) "/36"
13153:[Sat Oct 29 02:16:07.55764 2016]: .LoansController: var_dump(urlElements):
array(1) {
  [0]=>
  string(2) "36"
}
13153:[Sat Oct 29 02:16:07.56207 2016]: <Classes\Loans::performAction: httpMethod=get
13153:[Sat Oct 29 02:16:07.56224 2016]: <Classes\Loans::GetLoanInfo: loanId=36
13153:[Sat Oct 29 02:16:07.56667 2016]: <Data\LoanRow::Find
13153:[Sat Oct 29 02:16:07.56685 2016]: .Data\LoanRow::Find: selectFields='*', sortString='', filterString='WHERE (loanId=36)'
13153:[Sat Oct 29 02:16:07.56961 2016]: /Data\LoanRow::Find> found 1 rows
13153:[Sat Oct 29 02:16:07.56986 2016]: /Classes\Loans::GetLoanInfo> returning 'true'
13153:[Sat Oct 29 02:16:07.56994 2016]: /Classes\Loans::performAction> returning 'true'
[29-Oct-2016 02:16:17 Europe/Berlin] PHP Notice:  Undefined index: PATH_INFO in /Users/mikesa/projects/PSL/v1/LoansController.php on line 45
13102:[Sat Oct 29 02:16:17.52929 2016]: .LoansController: var_dump(_SERVER['PATH_INFO']):
NULL
13102:[Sat Oct 29 02:16:17.53191 2016]: .LoansController: var_dump(urlElements):
NULL
13102:[Sat Oct 29 02:16:17.54242 2016]: <Classes\Loans::performAction: httpMethod=post
13102:[Sat Oct 29 02:16:17.54256 2016]: <Classes\Loans::CreateLoan: ssn=123-456-7890, propertyValue=275000, loanAmount=110001
13102:[Sat Oct 29 02:16:17.54594 2016]: <Data\LoanRow::Create: ssn=123-456-7890, propertyValue=275000, loanAmount=110001, loanStatus=0, createdTime=2016-10-29 02:16:17, lastUpdatedTime=2016-10-29 02:16:17
13102:[Sat Oct 29 02:16:17.54821 2016]: /Data\LoanRow::Create> returning 'true'
13102:[Sat Oct 29 02:16:17.54831 2016]: <Classes\Loans::SubmitLoanForApproval
13102:[Sat Oct 29 02:16:17.54842 2016]: <Data\LoanRow::CommitChangedFields: loanId=37
13102:[Sat Oct 29 02:16:17.54851 2016]: .Data\LoanRow::CommitChangedFields: Updating row with loanId=37. Number of fields changed: 1. setString='loanStatus='2''
13102:[Sat Oct 29 02:16:17.55070 2016]: /Data\LoanRow::CommitChangedFields> returning 'true'
13102:[Sat Oct 29 02:16:17.55080 2016]: /Classes\Loans::SubmitLoanForApproval> returning 'true'
13102:[Sat Oct 29 02:16:17.55089 2016]: /Classes\Loans::CreateLoan> returning 'true'
13102:[Sat Oct 29 02:16:17.55096 2016]: /Classes\Loans::performAction> returning 'true'
13105:[Sat Oct 29 02:16:26.91823 2016]: .LoansController: var_dump(_SERVER['PATH_INFO']):
string(3) "/37"
13105:[Sat Oct 29 02:16:26.91846 2016]: .LoansController: var_dump(urlElements):
array(1) {
  [0]=>
  string(2) "37"
}
13105:[Sat Oct 29 02:16:26.92881 2016]: <Classes\Loans::performAction: httpMethod=get
13105:[Sat Oct 29 02:16:26.92892 2016]: <Classes\Loans::GetLoanInfo: loanId=37
13105:[Sat Oct 29 02:16:26.93234 2016]: <Data\LoanRow::Find
13105:[Sat Oct 29 02:16:26.93249 2016]: .Data\LoanRow::Find: selectFields='*', sortString='', filterString='WHERE (loanId=37)'
13105:[Sat Oct 29 02:16:26.93273 2016]: /Data\LoanRow::Find> found 1 rows
13105:[Sat Oct 29 02:16:26.93281 2016]: /Classes\Loans::GetLoanInfo> returning 'true'
13105:[Sat Oct 29 02:16:26.93287 2016]: /Classes\Loans::performAction> returning 'true'
[29-Oct-2016 02:24:27 Europe/Berlin] PHP Notice:  Undefined index: PATH_INFO in /Users/mikesa/projects/PSL/v1/LoansController.php on line 45
21844:[Sat Oct 29 02:24:27.11415 2016]: .LoansController: var_dump(_SERVER['PATH_INFO']):
NULL
21844:[Sat Oct 29 02:24:27.11431 2016]: .LoansController: var_dump(urlElements):
NULL
21844:[Sat Oct 29 02:24:27.11866 2016]: <Classes\Loans::performAction: httpMethod=post
21844:[Sat Oct 29 02:24:27.11881 2016]: <Classes\Loans::CreateLoan: ssn=123-456-7890, propertyValue=275000, loanAmount=110000
21844:[Sat Oct 29 02:24:27.12115 2016]: <Data\LoanRow::Create: ssn=123-456-7890, propertyValue=275000, loanAmount=110000, loanStatus=0, createdTime=2016-10-29 02:24:27, lastUpdatedTime=2016-10-29 02:24:27
21844:[Sat Oct 29 02:24:27.12740 2016]: /Data\LoanRow::Create> returning 'true'
21844:[Sat Oct 29 02:24:27.12749 2016]: <Classes\Loans::SubmitLoanForApproval
21844:[Sat Oct 29 02:24:27.12763 2016]: <Data\LoanRow::CommitChangedFields: loanId=38
21844:[Sat Oct 29 02:24:27.12771 2016]: .Data\LoanRow::CommitChangedFields: Updating row with loanId=38. Number of fields changed: 1. setString='loanStatus='1''
21844:[Sat Oct 29 02:24:27.13095 2016]: /Data\LoanRow::CommitChangedFields> returning 'true'
21844:[Sat Oct 29 02:24:27.13106 2016]: /Classes\Loans::SubmitLoanForApproval> returning 'true'
21844:[Sat Oct 29 02:24:27.13112 2016]: /Classes\Loans::CreateLoan> returning 'true'
21844:[Sat Oct 29 02:24:27.13128 2016]: /Classes\Loans::performAction> returning 'true'
[29-Oct-2016 02:25:06 Europe/Berlin] PHP Notice:  Undefined index: PATH_INFO in /Users/mikesa/projects/PSL/v1/LoansController.php on line 45
21843:[Sat Oct 29 02:25:06.82498 2016]: .LoansController: var_dump(_SERVER['PATH_INFO']):
NULL
21843:[Sat Oct 29 02:25:06.82505 2016]: .LoansController: var_dump(urlElements):
NULL
21843:[Sat Oct 29 02:25:06.82611 2016]: <Classes\Loans::performAction: httpMethod=post
21843:[Sat Oct 29 02:25:06.82619 2016]: <Classes\Loans::CreateLoan: ssn=123-456-7890, propertyValue=275000, loanAmount=110000
21843:[Sat Oct 29 02:25:06.82694 2016]: <Data\LoanRow::Create: ssn=123-456-7890, propertyValue=275000, loanAmount=110000, loanStatus=0, createdTime=2016-10-29 02:25:06, lastUpdatedTime=2016-10-29 02:25:06
21843:[Sat Oct 29 02:25:06.82833 2016]: /Data\LoanRow::Create> returning 'true'
21843:[Sat Oct 29 02:25:06.82839 2016]: <Classes\Loans::SubmitLoanForApproval
21843:[Sat Oct 29 02:25:06.82861 2016]: <Data\LoanRow::CommitChangedFields: loanId=39
21843:[Sat Oct 29 02:25:06.82876 2016]: .Data\LoanRow::CommitChangedFields: Updating row with loanId=39. Number of fields changed: 1. setString='loanStatus='1''
21843:[Sat Oct 29 02:25:06.82946 2016]: /Data\LoanRow::CommitChangedFields> returning 'true'
21843:[Sat Oct 29 02:25:06.82957 2016]: /Classes\Loans::SubmitLoanForApproval> returning 'true'
21843:[Sat Oct 29 02:25:06.82966 2016]: /Classes\Loans::CreateLoan> returning 'true'
21843:[Sat Oct 29 02:25:06.82975 2016]: /Classes\Loans::performAction> returning 'true'
[29-Oct-2016 02:25:15 Europe/Berlin] PHP Notice:  Undefined index: PATH_INFO in /Users/mikesa/projects/PSL/v1/LoansController.php on line 45
13153:[Sat Oct 29 02:25:15.42285 2016]: .LoansController: var_dump(_SERVER['PATH_INFO']):
NULL
13153:[Sat Oct 29 02:25:15.42299 2016]: .LoansController: var_dump(urlElements):
NULL
13153:[Sat Oct 29 02:25:15.42386 2016]: <Classes\Loans::performAction: httpMethod=post
13153:[Sat Oct 29 02:25:15.42393 2016]: <Classes\Loans::CreateLoan: ssn=123-456-7890, propertyValue=275000, loanAmount=110001
13153:[Sat Oct 29 02:25:15.42454 2016]: <Data\LoanRow::Create: ssn=123-456-7890, propertyValue=275000, loanAmount=110001, loanStatus=0, createdTime=2016-10-29 02:25:15, lastUpdatedTime=2016-10-29 02:25:15
13153:[Sat Oct 29 02:25:15.42660 2016]: /Data\LoanRow::Create> returning 'true'
13153:[Sat Oct 29 02:25:15.42671 2016]: <Classes\Loans::SubmitLoanForApproval
13153:[Sat Oct 29 02:25:15.42684 2016]: <Data\LoanRow::CommitChangedFields: loanId=40
13153:[Sat Oct 29 02:25:15.42693 2016]: .Data\LoanRow::CommitChangedFields: Updating row with loanId=40. Number of fields changed: 1. setString='loanStatus='2''
13153:[Sat Oct 29 02:25:15.43211 2016]: /Data\LoanRow::CommitChangedFields> returning 'true'
13153:[Sat Oct 29 02:25:15.43220 2016]: /Classes\Loans::SubmitLoanForApproval> returning 'true'
13153:[Sat Oct 29 02:25:15.43229 2016]: /Classes\Loans::CreateLoan> returning 'true'
13153:[Sat Oct 29 02:25:15.43246 2016]: /Classes\Loans::performAction> returning 'true'
13102:[Sat Oct 29 02:25:25.39461 2016]: .LoansController: var_dump(_SERVER['PATH_INFO']):
string(3) "/39"
13102:[Sat Oct 29 02:25:25.39475 2016]: .LoansController: var_dump(urlElements):
array(1) {
  [0]=>
  string(2) "39"
}
13102:[Sat Oct 29 02:25:25.39563 2016]: <Classes\Loans::performAction: httpMethod=get
13102:[Sat Oct 29 02:25:25.39571 2016]: <Classes\Loans::GetLoanInfo: loanId=39
13102:[Sat Oct 29 02:25:25.39639 2016]: <Data\LoanRow::Find
13102:[Sat Oct 29 02:25:25.39646 2016]: .Data\LoanRow::Find: selectFields='*', sortString='', filterString='WHERE (loanId=39)'
13102:[Sat Oct 29 02:25:25.39667 2016]: /Data\LoanRow::Find> found 1 rows
13102:[Sat Oct 29 02:25:25.39675 2016]: /Classes\Loans::GetLoanInfo> returning 'true'
13102:[Sat Oct 29 02:25:25.39687 2016]: /Classes\Loans::performAction> returning 'true'
13105:[Sat Oct 29 02:25:33.35256 2016]: .LoansController: var_dump(_SERVER['PATH_INFO']):
string(3) "/40"
13105:[Sat Oct 29 02:25:33.35499 2016]: .LoansController: var_dump(urlElements):
array(1) {
  [0]=>
  string(2) "40"
}
13105:[Sat Oct 29 02:25:33.36007 2016]: <Classes\Loans::performAction: httpMethod=get
13105:[Sat Oct 29 02:25:33.36019 2016]: <Classes\Loans::GetLoanInfo: loanId=40
13105:[Sat Oct 29 02:25:33.36082 2016]: <Data\LoanRow::Find
13105:[Sat Oct 29 02:25:33.36088 2016]: .Data\LoanRow::Find: selectFields='*', sortString='', filterString='WHERE (loanId=40)'
13105:[Sat Oct 29 02:25:33.36106 2016]: /Data\LoanRow::Find> found 1 rows
13105:[Sat Oct 29 02:25:33.36112 2016]: /Classes\Loans::GetLoanInfo> returning 'true'
13105:[Sat Oct 29 02:25:33.36126 2016]: /Classes\Loans::performAction> returning 'true'
21817:[Sat Oct 29 02:33:00.85356 2016]: .LoansController: var_dump(_SERVER['PATH_INFO']):
string(23) "/LoansController.php/11"
21817:[Sat Oct 29 02:33:00.85464 2016]: .LoansController: var_dump(urlElements):
array(2) {
  [0]=>
  string(19) "LoansController.php"
  [1]=>
  string(2) "11"
}
21817:[Sat Oct 29 02:33:00.87036 2016]: <Classes\Loans::performAction: httpMethod=get
21817:[Sat Oct 29 02:33:00.87053 2016]: <Classes\Loans::GetLoanInfo: loanId=LoansController.php
21817:[Sat Oct 29 02:33:00.87242 2016]: <Data\LoanRow::Find
21817:[Sat Oct 29 02:33:00.87253 2016]: .Data\LoanRow::Find: selectFields='*', sortString='', filterString='WHERE (loanId=LoansController.php)'
[29-Oct-2016 02:33:00 Europe/Berlin] PHP Warning:  SQLite3::query(): Unable to prepare statement: 1, no such column: LoansController.php in /Users/mikesa/projects/PSL/v1/Data/LoanRow.php on line 267
21817:[Sat Oct 29 02:33:00.87584 2016]: !Data\LoanRow::Find: Select failed with error=1, no such column: LoansController.php
21817:[Sat Oct 29 02:33:00.87597 2016]: /Data\LoanRow::Find> found 0 rows
21817:[Sat Oct 29 02:33:00.87605 2016]: !Classes\Loans::GetLoanInfo: dbError 1
21817:[Sat Oct 29 02:33:00.87612 2016]: /Classes\Loans::GetLoanInfo> returning 'false'
21817:[Sat Oct 29 02:33:00.87618 2016]: /Classes\Loans::performAction> returning 'false'
13106:[Sat Oct 29 02:33:16.21647 2016]: .LoansController: var_dump(_SERVER['PATH_INFO']):
string(9) "/loans/11"
13106:[Sat Oct 29 02:33:16.21677 2016]: .LoansController: var_dump(urlElements):
array(2) {
  [0]=>
  string(5) "loans"
  [1]=>
  string(2) "11"
}
13106:[Sat Oct 29 02:33:16.22133 2016]: <Classes\Loans::performAction: httpMethod=get
13106:[Sat Oct 29 02:33:16.22147 2016]: <Classes\Loans::GetLoanInfo: loanId=loans
13106:[Sat Oct 29 02:33:16.22226 2016]: <Data\LoanRow::Find
13106:[Sat Oct 29 02:33:16.22234 2016]: .Data\LoanRow::Find: selectFields='*', sortString='', filterString='WHERE (loanId=loans)'
[29-Oct-2016 02:33:16 Europe/Berlin] PHP Warning:  SQLite3::query(): Unable to prepare statement: 1, no such column: loans in /Users/mikesa/projects/PSL/v1/Data/LoanRow.php on line 267
13106:[Sat Oct 29 02:33:16.22266 2016]: !Data\LoanRow::Find: Select failed with error=1, no such column: loans
13106:[Sat Oct 29 02:33:16.22281 2016]: /Data\LoanRow::Find> found 0 rows
13106:[Sat Oct 29 02:33:16.22290 2016]: !Classes\Loans::GetLoanInfo: dbError 1
13106:[Sat Oct 29 02:33:16.22305 2016]: /Classes\Loans::GetLoanInfo> returning 'false'
13106:[Sat Oct 29 02:33:16.22311 2016]: /Classes\Loans::performAction> returning 'false'
21844:[Sat Oct 29 02:33:55.87792 2016]: .LoansController: var_dump(_SERVER['PATH_INFO']):
string(9) "/loans/39"
21844:[Sat Oct 29 02:33:55.87832 2016]: .LoansController: var_dump(urlElements):
array(2) {
  [0]=>
  string(5) "loans"
  [1]=>
  string(2) "39"
}
21844:[Sat Oct 29 02:33:55.87941 2016]: <Classes\Loans::performAction: httpMethod=get
21844:[Sat Oct 29 02:33:55.87948 2016]: <Classes\Loans::GetLoanInfo: loanId=loans
21844:[Sat Oct 29 02:33:55.88139 2016]: <Data\LoanRow::Find
21844:[Sat Oct 29 02:33:55.88146 2016]: .Data\LoanRow::Find: selectFields='*', sortString='', filterString='WHERE (loanId=loans)'
[29-Oct-2016 02:33:55 Europe/Berlin] PHP Warning:  SQLite3::query(): Unable to prepare statement: 1, no such column: loans in /Users/mikesa/projects/PSL/v1/Data/LoanRow.php on line 267
21844:[Sat Oct 29 02:33:55.88310 2016]: !Data\LoanRow::Find: Select failed with error=1, no such column: loans
21844:[Sat Oct 29 02:33:55.88326 2016]: /Data\LoanRow::Find> found 0 rows
21844:[Sat Oct 29 02:33:55.88337 2016]: !Classes\Loans::GetLoanInfo: dbError 1
21844:[Sat Oct 29 02:33:55.88348 2016]: /Classes\Loans::GetLoanInfo> returning 'false'
21844:[Sat Oct 29 02:33:55.88356 2016]: /Classes\Loans::performAction> returning 'false'
13103:[Sat Oct 29 02:34:44.91249 2016]: .LoansController: var_dump(_SERVER['PATH_INFO']):
string(3) "/39"
13103:[Sat Oct 29 02:34:44.91268 2016]: .LoansController: var_dump(urlElements):
array(1) {
  [0]=>
  string(2) "39"
}
13103:[Sat Oct 29 02:34:44.91429 2016]: <Classes\Loans::performAction: httpMethod=get
13103:[Sat Oct 29 02:34:44.91436 2016]: <Classes\Loans::GetLoanInfo: loanId=39
13103:[Sat Oct 29 02:34:44.91788 2016]: <Data\LoanRow::Find
13103:[Sat Oct 29 02:34:44.91802 2016]: .Data\LoanRow::Find: selectFields='*', sortString='', filterString='WHERE (loanId=39)'
13103:[Sat Oct 29 02:34:44.92001 2016]: /Data\LoanRow::Find> found 1 rows
13103:[Sat Oct 29 02:34:44.92016 2016]: /Classes\Loans::GetLoanInfo> returning 'true'
13103:[Sat Oct 29 02:34:44.92024 2016]: /Classes\Loans::performAction> returning 'true'
[29-Oct-2016 02:36:30 Europe/Berlin] PHP Notice:  Undefined index: PATH_INFO in /Users/mikesa/projects/PSL/v1/LoansController.php on line 45
21843:[Sat Oct 29 02:36:30.15189 2016]: .LoansController: var_dump(_SERVER['PATH_INFO']):
NULL
21843:[Sat Oct 29 02:36:30.15199 2016]: .LoansController: var_dump(urlElements):
NULL
21843:[Sat Oct 29 02:36:30.15460 2016]: <Classes\Loans::performAction: httpMethod=post
21843:[Sat Oct 29 02:36:30.15476 2016]: <Classes\Loans::CreateLoan: ssn=272-54-3024, propertyValue=282500, loanAmount=145000
21843:[Sat Oct 29 02:36:30.15555 2016]: <Data\LoanRow::Create: ssn=272-54-3024, propertyValue=282500, loanAmount=145000, loanStatus=0, createdTime=2016-10-29 02:36:30, lastUpdatedTime=2016-10-29 02:36:30
21843:[Sat Oct 29 02:36:30.15724 2016]: /Data\LoanRow::Create> returning 'true'
21843:[Sat Oct 29 02:36:30.15734 2016]: <Classes\Loans::SubmitLoanForApproval
21843:[Sat Oct 29 02:36:30.15744 2016]: <Data\LoanRow::CommitChangedFields: loanId=41
21843:[Sat Oct 29 02:36:30.15751 2016]: .Data\LoanRow::CommitChangedFields: Updating row with loanId=41. Number of fields changed: 1. setString='loanStatus='2''
21843:[Sat Oct 29 02:36:30.15823 2016]: /Data\LoanRow::CommitChangedFields> returning 'true'
21843:[Sat Oct 29 02:36:30.15831 2016]: /Classes\Loans::SubmitLoanForApproval> returning 'true'
21843:[Sat Oct 29 02:36:30.15840 2016]: /Classes\Loans::CreateLoan> returning 'true'
21843:[Sat Oct 29 02:36:30.15855 2016]: /Classes\Loans::performAction> returning 'true'
[29-Oct-2016 02:36:56 Europe/Berlin] PHP Notice:  Undefined index: PATH_INFO in /Users/mikesa/projects/PSL/v1/LoansController.php on line 45
13153:[Sat Oct 29 02:36:56.62426 2016]: .LoansController: var_dump(_SERVER['PATH_INFO']):
NULL
13153:[Sat Oct 29 02:36:56.62435 2016]: .LoansController: var_dump(urlElements):
NULL
13153:[Sat Oct 29 02:36:56.62754 2016]: <Classes\Loans::performAction: httpMethod=post
13153:[Sat Oct 29 02:36:56.62765 2016]: <Classes\Loans::CreateLoan: ssn=272-54-3024, propertyValue=282500, loanAmount=140000
13153:[Sat Oct 29 02:36:56.62829 2016]: <Data\LoanRow::Create: ssn=272-54-3024, propertyValue=282500, loanAmount=140000, loanStatus=0, createdTime=2016-10-29 02:36:56, lastUpdatedTime=2016-10-29 02:36:56
13153:[Sat Oct 29 02:36:56.62918 2016]: /Data\LoanRow::Create> returning 'true'
13153:[Sat Oct 29 02:36:56.62928 2016]: <Classes\Loans::SubmitLoanForApproval
13153:[Sat Oct 29 02:36:56.62939 2016]: <Data\LoanRow::CommitChangedFields: loanId=42
13153:[Sat Oct 29 02:36:56.62959 2016]: .Data\LoanRow::CommitChangedFields: Updating row with loanId=42. Number of fields changed: 1. setString='loanStatus='2''
13153:[Sat Oct 29 02:36:56.63074 2016]: /Data\LoanRow::CommitChangedFields> returning 'true'
13153:[Sat Oct 29 02:36:56.63082 2016]: /Classes\Loans::SubmitLoanForApproval> returning 'true'
13153:[Sat Oct 29 02:36:56.63092 2016]: /Classes\Loans::CreateLoan> returning 'true'
13153:[Sat Oct 29 02:36:56.63106 2016]: /Classes\Loans::performAction> returning 'true'
[29-Oct-2016 02:37:10 Europe/Berlin] PHP Notice:  Undefined index: PATH_INFO in /Users/mikesa/projects/PSL/v1/LoansController.php on line 45
13102:[Sat Oct 29 02:37:10.49456 2016]: .LoansController: var_dump(_SERVER['PATH_INFO']):
NULL
13102:[Sat Oct 29 02:37:10.49467 2016]: .LoansController: var_dump(urlElements):
NULL
13102:[Sat Oct 29 02:37:10.50113 2016]: <Classes\Loans::performAction: httpMethod=post
13102:[Sat Oct 29 02:37:10.50124 2016]: <Classes\Loans::CreateLoan: ssn=272-54-3024, propertyValue=282500, loanAmount=120000
13102:[Sat Oct 29 02:37:10.50194 2016]: <Data\LoanRow::Create: ssn=272-54-3024, propertyValue=282500, loanAmount=120000, loanStatus=0, createdTime=2016-10-29 02:37:10, lastUpdatedTime=2016-10-29 02:37:10
13102:[Sat Oct 29 02:37:10.50345 2016]: /Data\LoanRow::Create> returning 'true'
13102:[Sat Oct 29 02:37:10.50365 2016]: <Classes\Loans::SubmitLoanForApproval
13102:[Sat Oct 29 02:37:10.50375 2016]: <Data\LoanRow::CommitChangedFields: loanId=43
13102:[Sat Oct 29 02:37:10.50384 2016]: .Data\LoanRow::CommitChangedFields: Updating row with loanId=43. Number of fields changed: 1. setString='loanStatus='2''
13102:[Sat Oct 29 02:37:10.50459 2016]: /Data\LoanRow::CommitChangedFields> returning 'true'
13102:[Sat Oct 29 02:37:10.50466 2016]: /Classes\Loans::SubmitLoanForApproval> returning 'true'
13102:[Sat Oct 29 02:37:10.50475 2016]: /Classes\Loans::CreateLoan> returning 'true'
13102:[Sat Oct 29 02:37:10.50495 2016]: /Classes\Loans::performAction> returning 'true'
[29-Oct-2016 02:38:25 Europe/Berlin] PHP Notice:  Undefined index: PATH_INFO in /Users/mikesa/projects/PSL/v1/LoansController.php on line 45
13105:[Sat Oct 29 02:38:25.52807 2016]: .LoansController: var_dump(_SERVER['PATH_INFO']):
NULL
13105:[Sat Oct 29 02:38:25.52815 2016]: .LoansController: var_dump(urlElements):
NULL
13105:[Sat Oct 29 02:38:25.52928 2016]: <Classes\Loans::performAction: httpMethod=post
13105:[Sat Oct 29 02:38:25.52935 2016]: <Classes\Loans::CreateLoan: ssn=272-54-3024, propertyValue=282500, loanAmount=113000
13105:[Sat Oct 29 02:38:25.53009 2016]: <Data\LoanRow::Create: ssn=272-54-3024, propertyValue=282500, loanAmount=113000, loanStatus=0, createdTime=2016-10-29 02:38:25, lastUpdatedTime=2016-10-29 02:38:25
13105:[Sat Oct 29 02:38:25.53142 2016]: /Data\LoanRow::Create> returning 'true'
13105:[Sat Oct 29 02:38:25.53149 2016]: <Classes\Loans::SubmitLoanForApproval
13105:[Sat Oct 29 02:38:25.53173 2016]: <Data\LoanRow::CommitChangedFields: loanId=44
13105:[Sat Oct 29 02:38:25.53180 2016]: .Data\LoanRow::CommitChangedFields: Updating row with loanId=44. Number of fields changed: 1. setString='loanStatus='1''
13105:[Sat Oct 29 02:38:25.53391 2016]: /Data\LoanRow::CommitChangedFields> returning 'true'
13105:[Sat Oct 29 02:38:25.53398 2016]: /Classes\Loans::SubmitLoanForApproval> returning 'true'
13105:[Sat Oct 29 02:38:25.53408 2016]: /Classes\Loans::CreateLoan> returning 'true'
13105:[Sat Oct 29 02:38:25.53414 2016]: /Classes\Loans::performAction> returning 'true'
21842:[Sat Oct 29 02:38:59.64060 2016]: .LoansController: var_dump(_SERVER['PATH_INFO']):
string(3) "/43"
21842:[Sat Oct 29 02:38:59.64188 2016]: .LoansController: var_dump(urlElements):
array(1) {
  [0]=>
  string(2) "43"
}
21842:[Sat Oct 29 02:38:59.64350 2016]: <Classes\Loans::performAction: httpMethod=get
21842:[Sat Oct 29 02:38:59.64357 2016]: <Classes\Loans::GetLoanInfo: loanId=43
21842:[Sat Oct 29 02:38:59.64441 2016]: <Data\LoanRow::Find
21842:[Sat Oct 29 02:38:59.64450 2016]: .Data\LoanRow::Find: selectFields='*', sortString='', filterString='WHERE (loanId=43)'
21842:[Sat Oct 29 02:38:59.64862 2016]: /Data\LoanRow::Find> found 1 rows
21842:[Sat Oct 29 02:38:59.64878 2016]: /Classes\Loans::GetLoanInfo> returning 'true'
21842:[Sat Oct 29 02:38:59.64884 2016]: /Classes\Loans::performAction> returning 'true'
13104:[Sat Oct 29 02:39:50.83735 2016]: .LoansController: var_dump(_SERVER['PATH_INFO']):
string(3) "/43"
13104:[Sat Oct 29 02:39:50.84085 2016]: .LoansController: var_dump(urlElements):
array(1) {
  [0]=>
  string(2) "43"
}
13104:[Sat Oct 29 02:39:50.85386 2016]: <Classes\Loans::performAction: httpMethod=get
13104:[Sat Oct 29 02:39:50.85400 2016]: <Classes\Loans::GetLoanInfo: loanId=43
13104:[Sat Oct 29 02:39:50.85483 2016]: <Data\LoanRow::Find
13104:[Sat Oct 29 02:39:50.85490 2016]: .Data\LoanRow::Find: selectFields='*', sortString='', filterString='WHERE (loanId=43)'
13104:[Sat Oct 29 02:39:50.87699 2016]: /Data\LoanRow::Find> found 1 rows
13104:[Sat Oct 29 02:39:50.87714 2016]: /Classes\Loans::GetLoanInfo> returning 'true'
13104:[Sat Oct 29 02:39:50.87722 2016]: /Classes\Loans::performAction> returning 'true'
21817:[Sat Oct 29 02:41:51.90177 2016]: .LoansController: var_dump(_SERVER['PATH_INFO']):
string(3) "/44"
21817:[Sat Oct 29 02:41:51.90245 2016]: .LoansController: var_dump(urlElements):
array(1) {
  [0]=>
  string(2) "44"
}
21817:[Sat Oct 29 02:41:51.90737 2016]: <Classes\Loans::performAction: httpMethod=get
21817:[Sat Oct 29 02:41:51.90747 2016]: <Classes\Loans::GetLoanInfo: loanId=44
21817:[Sat Oct 29 02:41:51.90809 2016]: <Data\LoanRow::Find
21817:[Sat Oct 29 02:41:51.90816 2016]: .Data\LoanRow::Find: selectFields='*', sortString='', filterString='WHERE (loanId=44)'
21817:[Sat Oct 29 02:41:51.90972 2016]: /Data\LoanRow::Find> found 1 rows
21817:[Sat Oct 29 02:41:51.90988 2016]: /Classes\Loans::GetLoanInfo> returning 'true'
21817:[Sat Oct 29 02:41:51.90995 2016]: /Classes\Loans::performAction> returning 'true'
13103:[Sat Oct 29 02:41:58.46257 2016]: .LoansController: var_dump(_SERVER['PATH_INFO']):
string(4) "/111"
13103:[Sat Oct 29 02:41:58.46269 2016]: .LoansController: var_dump(urlElements):
array(1) {
  [0]=>
  string(3) "111"
}
13103:[Sat Oct 29 02:41:58.46364 2016]: <Classes\Loans::performAction: httpMethod=get
13103:[Sat Oct 29 02:41:58.46372 2016]: <Classes\Loans::GetLoanInfo: loanId=111
13103:[Sat Oct 29 02:41:58.46570 2016]: <Data\LoanRow::Find
13103:[Sat Oct 29 02:41:58.46590 2016]: .Data\LoanRow::Find: selectFields='*', sortString='', filterString='WHERE (loanId=111)'
13103:[Sat Oct 29 02:41:58.47190 2016]: /Data\LoanRow::Find> found 0 rows
13103:[Sat Oct 29 02:41:58.47488 2016]: !Classes\Loans::GetLoanInfo: not found
13103:[Sat Oct 29 02:41:58.47504 2016]: /Classes\Loans::GetLoanInfo> returning 'false'
13103:[Sat Oct 29 02:41:58.47518 2016]: /Classes\Loans::performAction> returning 'false'
13105:[Sat Oct 29 03:34:24.95334 2016]: .LoansController: var_dump(_SERVER['PATH_INFO']):
string(2) "/1"
13105:[Sat Oct 29 03:34:24.95424 2016]: .LoansController: var_dump(urlElements):
array(1) {
  [0]=>
  string(1) "1"
}
13105:[Sat Oct 29 03:34:24.96548 2016]: <Classes\Loans::performAction: httpMethod=get
13105:[Sat Oct 29 03:34:24.96565 2016]: <Classes\Loans::GetLoanInfo: loanId=1
13105:[Sat Oct 29 03:34:24.96806 2016]: <Data\LoanRow::Find
13105:[Sat Oct 29 03:34:24.96824 2016]: .Data\LoanRow::Find: selectFields='*', sortString='', filterString='WHERE (loanId=1)'
13105:[Sat Oct 29 03:34:24.96875 2016]: /Data\LoanRow::Find> found 1 rows
13105:[Sat Oct 29 03:34:24.96885 2016]: /Classes\Loans::GetLoanInfo> returning 'true'
13105:[Sat Oct 29 03:34:24.96893 2016]: /Classes\Loans::performAction> returning 'true'
13102:[Sat Oct 29 03:41:00.11215 2016]: .LoansController: var_dump(_SERVER['PATH_INFO']):
string(2) "/1"
13102:[Sat Oct 29 03:41:00.11311 2016]: .LoansController: var_dump(urlElements):
array(1) {
  [0]=>
  string(1) "1"
}
13102:[Sat Oct 29 03:41:00.14087 2016]: <Classes\Loans::performAction: httpMethod=get
13102:[Sat Oct 29 03:41:00.14099 2016]: <Classes\Loans::GetLoanInfo: loanId=1
13102:[Sat Oct 29 03:41:00.14606 2016]: <Data\LoanRow::Find
13102:[Sat Oct 29 03:41:00.14619 2016]: .Data\LoanRow::Find: selectFields='*', sortString='', filterString='WHERE (loanId=1)'
13102:[Sat Oct 29 03:41:00.14703 2016]: /Data\LoanRow::Find> found 1 rows
13102:[Sat Oct 29 03:41:00.14720 2016]: /Classes\Loans::GetLoanInfo> returning 'true'
13102:[Sat Oct 29 03:41:00.14733 2016]: /Classes\Loans::performAction> returning 'true'
50247:[Sat Oct 29 05:50:17.78912 2016]: .LoansController: var_dump(_SERVER['PATH_INFO']):
string(3) "/39"
50247:[Sat Oct 29 05:50:17.79132 2016]: .LoansController: var_dump(urlElements):
array(1) {
  [0]=>
  string(2) "39"
}
50247:[Sat Oct 29 05:50:17.80489 2016]: <Classes\Loans::performAction: httpMethod=get
50247:[Sat Oct 29 05:50:17.80504 2016]: <Classes\Loans::GetLoanInfo: loanId=39
50247:[Sat Oct 29 05:50:17.80764 2016]: <Data\LoanRow::Find
50247:[Sat Oct 29 05:50:17.80776 2016]: .Data\LoanRow::Find: selectFields='*', sortString='', filterString='WHERE (loanId=39)'
50247:[Sat Oct 29 05:50:17.80920 2016]: /Data\LoanRow::Find> found 1 rows
50247:[Sat Oct 29 05:50:17.80933 2016]: /Classes\Loans::GetLoanInfo> returning 'true'
50247:[Sat Oct 29 05:50:17.80940 2016]: /Classes\Loans::performAction> returning 'true'
[29-Oct-2016 05:50:36 Europe/Berlin] PHP Notice:  Undefined index: PATH_INFO in /Users/mikesa/projects/PSL/v1/LoansController.php on line 45
50197:[Sat Oct 29 05:50:36.98083 2016]: .LoansController: var_dump(_SERVER['PATH_INFO']):
NULL
50197:[Sat Oct 29 05:50:36.98099 2016]: .LoansController: var_dump(urlElements):
NULL
50197:[Sat Oct 29 05:50:36.98352 2016]: <Classes\Loans::performAction: httpMethod=post
50197:[Sat Oct 29 05:50:36.98386 2016]: <Classes\Loans::CreateLoan: ssn=123-456-7890, propertyValue=300000, loanAmount=120000
50197:[Sat Oct 29 05:50:36.98509 2016]: <Data\LoanRow::Create: ssn=123-456-7890, propertyValue=300000, loanAmount=120000, loanStatus=0, createdTime=2016-10-29 05:50:36, lastUpdatedTime=2016-10-29 05:50:36
50197:[Sat Oct 29 05:50:36.98957 2016]: /Data\LoanRow::Create> returning 'true'
50197:[Sat Oct 29 05:50:36.98965 2016]: <Classes\Loans::SubmitLoanForApproval
50197:[Sat Oct 29 05:50:36.99152 2016]: <Data\LoanRow::CommitChangedFields: loanId=45
50197:[Sat Oct 29 05:50:36.99223 2016]: .Data\LoanRow::CommitChangedFields: Updating row with loanId=45. Number of fields changed: 1. setString='loanStatus='1''
50197:[Sat Oct 29 05:50:36.99299 2016]: /Data\LoanRow::CommitChangedFields> returning 'true'
50197:[Sat Oct 29 05:50:36.99306 2016]: /Classes\Loans::SubmitLoanForApproval> returning 'true'
50197:[Sat Oct 29 05:50:36.99314 2016]: /Classes\Loans::CreateLoan> returning 'true'
50197:[Sat Oct 29 05:50:36.99344 2016]: /Classes\Loans::performAction> returning 'true'
50716:[Sat Oct 29 05:50:44.24690 2016]: .LoansController: var_dump(_SERVER['PATH_INFO']):
string(3) "/45"
50716:[Sat Oct 29 05:50:44.24714 2016]: .LoansController: var_dump(urlElements):
array(1) {
  [0]=>
  string(2) "45"
}
50716:[Sat Oct 29 05:50:44.24909 2016]: <Classes\Loans::performAction: httpMethod=get
50716:[Sat Oct 29 05:50:44.24919 2016]: <Classes\Loans::GetLoanInfo: loanId=45
50716:[Sat Oct 29 05:50:44.24991 2016]: <Data\LoanRow::Find
50716:[Sat Oct 29 05:50:44.24998 2016]: .Data\LoanRow::Find: selectFields='*', sortString='', filterString='WHERE (loanId=45)'
50716:[Sat Oct 29 05:50:44.25025 2016]: /Data\LoanRow::Find> found 1 rows
50716:[Sat Oct 29 05:50:44.25032 2016]: /Classes\Loans::GetLoanInfo> returning 'true'
50716:[Sat Oct 29 05:50:44.25041 2016]: /Classes\Loans::performAction> returning 'true'
50193:[Sat Oct 29 05:54:10.81855 2016]: .LoansController: var_dump(_SERVER['PATH_INFO']):
string(3) "/39"
50193:[Sat Oct 29 05:54:10.81919 2016]: .LoansController: var_dump(urlElements):
array(1) {
  [0]=>
  string(2) "39"
}
50193:[Sat Oct 29 05:54:10.82317 2016]: <Classes\Loans::performAction: httpMethod=get
50193:[Sat Oct 29 05:54:10.82330 2016]: <Classes\Loans::GetLoanInfo: loanId=39
50193:[Sat Oct 29 05:54:10.82399 2016]: <Data\LoanRow::Find
50193:[Sat Oct 29 05:54:10.82407 2016]: .Data\LoanRow::Find: selectFields='*', sortString='', filterString='WHERE (loanId=39)'
50193:[Sat Oct 29 05:54:10.82451 2016]: /Data\LoanRow::Find> found 1 rows
50193:[Sat Oct 29 05:54:10.82462 2016]: /Classes\Loans::GetLoanInfo> returning 'true'
50193:[Sat Oct 29 05:54:10.82470 2016]: /Classes\Loans::performAction> returning 'true'
50642:[Sat Oct 29 05:54:16.13807 2016]: .LoansController: var_dump(_SERVER['PATH_INFO']):
string(3) "/45"
50642:[Sat Oct 29 05:54:16.13844 2016]: .LoansController: var_dump(urlElements):
array(1) {
  [0]=>
  string(2) "45"
}
50642:[Sat Oct 29 05:54:16.14073 2016]: <Classes\Loans::performAction: httpMethod=get
50642:[Sat Oct 29 05:54:16.14088 2016]: <Classes\Loans::GetLoanInfo: loanId=45
50642:[Sat Oct 29 05:54:16.14171 2016]: <Data\LoanRow::Find
50642:[Sat Oct 29 05:54:16.14185 2016]: .Data\LoanRow::Find: selectFields='*', sortString='', filterString='WHERE (loanId=45)'
50642:[Sat Oct 29 05:54:16.14226 2016]: /Data\LoanRow::Find> found 1 rows
50642:[Sat Oct 29 05:54:16.14236 2016]: /Classes\Loans::GetLoanInfo> returning 'true'
50642:[Sat Oct 29 05:54:16.14249 2016]: /Classes\Loans::performAction> returning 'true'
[29-Oct-2016 05:54:35 Europe/Berlin] PHP Notice:  Undefined index: PATH_INFO in /Users/mikesa/projects/PSL/v1/LoansController.php on line 45
50196:[Sat Oct 29 05:54:35.53668 2016]: .LoansController: var_dump(_SERVER['PATH_INFO']):
NULL
50196:[Sat Oct 29 05:54:35.53681 2016]: .LoansController: var_dump(urlElements):
NULL
50196:[Sat Oct 29 05:54:35.53959 2016]: <Classes\Loans::performAction: httpMethod=post
50196:[Sat Oct 29 05:54:35.53973 2016]: <Classes\Loans::CreateLoan: ssn=123-456-7890, propertyValue=100000, loanAmount=25000
50196:[Sat Oct 29 05:54:35.54062 2016]: <Data\LoanRow::Create: ssn=123-456-7890, propertyValue=100000, loanAmount=25000, loanStatus=0, createdTime=2016-10-29 05:54:35, lastUpdatedTime=2016-10-29 05:54:35
50196:[Sat Oct 29 05:54:35.54229 2016]: /Data\LoanRow::Create> returning 'true'
50196:[Sat Oct 29 05:54:35.54236 2016]: <Classes\Loans::SubmitLoanForApproval
50196:[Sat Oct 29 05:54:35.54248 2016]: <Data\LoanRow::CommitChangedFields: loanId=46
50196:[Sat Oct 29 05:54:35.54262 2016]: .Data\LoanRow::CommitChangedFields: Updating row with loanId=46. Number of fields changed: 1. setString='loanStatus='1''
50196:[Sat Oct 29 05:54:35.54326 2016]: /Data\LoanRow::CommitChangedFields> returning 'true'
50196:[Sat Oct 29 05:54:35.54333 2016]: /Classes\Loans::SubmitLoanForApproval> returning 'true'
50196:[Sat Oct 29 05:54:35.54340 2016]: /Classes\Loans::CreateLoan> returning 'true'
50196:[Sat Oct 29 05:54:35.54350 2016]: /Classes\Loans::performAction> returning 'true'
50247:[Sat Oct 29 05:54:44.44374 2016]: .LoansController: var_dump(_SERVER['PATH_INFO']):
string(3) "/46"
50247:[Sat Oct 29 05:54:44.44392 2016]: .LoansController: var_dump(urlElements):
array(1) {
  [0]=>
  string(2) "46"
}
50247:[Sat Oct 29 05:54:44.44522 2016]: <Classes\Loans::performAction: httpMethod=get
50247:[Sat Oct 29 05:54:44.44531 2016]: <Classes\Loans::GetLoanInfo: loanId=46
50247:[Sat Oct 29 05:54:44.44600 2016]: <Data\LoanRow::Find
50247:[Sat Oct 29 05:54:44.44608 2016]: .Data\LoanRow::Find: selectFields='*', sortString='', filterString='WHERE (loanId=46)'
50247:[Sat Oct 29 05:54:44.44629 2016]: /Data\LoanRow::Find> found 1 rows
50247:[Sat Oct 29 05:54:44.44637 2016]: /Classes\Loans::GetLoanInfo> returning 'true'
50247:[Sat Oct 29 05:54:44.44646 2016]: /Classes\Loans::performAction> returning 'true'
[29-Oct-2016 05:55:00 Europe/Berlin] PHP Notice:  Undefined index: PATH_INFO in /Users/mikesa/projects/PSL/v1/LoansController.php on line 45
50197:[Sat Oct 29 05:55:00.92421 2016]: .LoansController: var_dump(_SERVER['PATH_INFO']):
NULL
50197:[Sat Oct 29 05:55:00.92432 2016]: .LoansController: var_dump(urlElements):
NULL
50197:[Sat Oct 29 05:55:00.92628 2016]: <Classes\Loans::performAction: httpMethod=post
50197:[Sat Oct 29 05:55:00.92638 2016]: <Classes\Loans::CreateLoan: ssn=123-456-7890, propertyValue=100000, loanAmount=50000
50197:[Sat Oct 29 05:55:00.92719 2016]: <Data\LoanRow::Create: ssn=123-456-7890, propertyValue=100000, loanAmount=50000, loanStatus=0, createdTime=2016-10-29 05:55:00, lastUpdatedTime=2016-10-29 05:55:00
50197:[Sat Oct 29 05:55:00.92871 2016]: /Data\LoanRow::Create> returning 'true'
50197:[Sat Oct 29 05:55:00.92880 2016]: <Classes\Loans::SubmitLoanForApproval
50197:[Sat Oct 29 05:55:00.92889 2016]: <Data\LoanRow::CommitChangedFields: loanId=47
50197:[Sat Oct 29 05:55:00.92901 2016]: .Data\LoanRow::CommitChangedFields: Updating row with loanId=47. Number of fields changed: 1. setString='loanStatus='2''
50197:[Sat Oct 29 05:55:00.93059 2016]: /Data\LoanRow::CommitChangedFields> returning 'true'
50197:[Sat Oct 29 05:55:00.93070 2016]: /Classes\Loans::SubmitLoanForApproval> returning 'true'
50197:[Sat Oct 29 05:55:00.93078 2016]: /Classes\Loans::CreateLoan> returning 'true'
50197:[Sat Oct 29 05:55:00.93090 2016]: /Classes\Loans::performAction> returning 'true'
50716:[Sat Oct 29 05:55:07.150 2016]: .LoansController: var_dump(_SERVER['PATH_INFO']):
string(3) "/47"
50716:[Sat Oct 29 05:55:07.167 2016]: .LoansController: var_dump(urlElements):
array(1) {
  [0]=>
  string(2) "47"
}
50716:[Sat Oct 29 05:55:07.284 2016]: <Classes\Loans::performAction: httpMethod=get
50716:[Sat Oct 29 05:55:07.291 2016]: <Classes\Loans::GetLoanInfo: loanId=47
50716:[Sat Oct 29 05:55:07.353 2016]: <Data\LoanRow::Find
50716:[Sat Oct 29 05:55:07.360 2016]: .Data\LoanRow::Find: selectFields='*', sortString='', filterString='WHERE (loanId=47)'
50716:[Sat Oct 29 05:55:07.377 2016]: /Data\LoanRow::Find> found 1 rows
50716:[Sat Oct 29 05:55:07.383 2016]: /Classes\Loans::GetLoanInfo> returning 'true'
50716:[Sat Oct 29 05:55:07.390 2016]: /Classes\Loans::performAction> returning 'true'
